<?xml version="1.0" encoding="UTF-8"?>
<!-- Generated by org.testng.reporters.JUnitReportReporter -->
<testsuite hostname="DESKTOP-U1N2DDA" failures="0" tests="1" name="Example_1" time="17.721" errors="0" timestamp="21 May 2019 02:37:53 GMT" skipped="0">
  <testcase classname="Example_1" name="Test" time="17.721"/>
</testsuite> <!-- Example_1 -->
